Flow report for BB_SYSTEM
Thu Sep 27 20:15:14 2018
Quartus Prime Version 18.1.0 Build 625 09/12/2018 SJ Lite Edition


---------------------
; Table of Contents ;
---------------------
  1. Legal Notice
  2. Flow Summary
  3. Flow Settings
  4. Flow Non-Default Global Settings
  5. Flow Elapsed Time
  6. Flow OS Summary
  7. Flow Log
  8. Flow Messages
  9. Flow Suppressed Messages



----------------
; Legal Notice ;
----------------
Copyright (C) 2018  Intel Corporation. All rights reserved.
Your use of Intel Corporation's design tools, logic functions 
and other software and tools, and its AMPP partner logic 
functions, and any output files from any of the foregoing 
(including device programming or simulation files), and any 
associated documentation or information are expressly subject 
to the terms and conditions of the Intel Program License 
Subscription Agreement, the Intel Quartus Prime License Agreement,
the Intel FPGA IP License Agreement, or other applicable license
agreement, including, without limitation, that your use is for
the sole purpose of programming logic devices manufactured by
Intel and sold by Intel or its authorized distributors.  Please
refer to the applicable agreement for further details.



+----------------------------------------------------------------------------------+
; Flow Summary                                                                     ;
+------------------------------------+---------------------------------------------+
; Flow Status                        ; Successful - Thu Sep 27 20:15:14 2018       ;
; Quartus Prime Version              ; 18.1.0 Build 625 09/12/2018 SJ Lite Edition ;
; Revision Name                      ; BB_SYSTEM                                   ;
; Top-level Entity Name              ; BB_SYSTEM                                   ;
; Family                             ; Cyclone IV E                                ;
; Device                             ; EP4CE22F17C6                                ;
; Timing Models                      ; Final                                       ;
; Total logic elements               ; 0 / 22,320 ( 0 % )                          ;
;     Total combinational functions  ; 0 / 22,320 ( 0 % )                          ;
;     Dedicated logic registers      ; 0 / 22,320 ( 0 % )                          ;
; Total registers                    ; 0                                           ;
; Total pins                         ; 10 / 154 ( 6 % )                            ;
; Total virtual pins                 ; 0                                           ;
; Total memory bits                  ; 0 / 608,256 ( 0 % )                         ;
; Embedded Multiplier 9-bit elements ; 0 / 132 ( 0 % )                             ;
; Total PLLs                         ; 0 / 4 ( 0 % )                               ;
+------------------------------------+---------------------------------------------+


+-----------------------------------------+
; Flow Settings                           ;
+-------------------+---------------------+
; Option            ; Setting             ;
+-------------------+---------------------+
; Start date & time ; 09/27/2018 20:14:30 ;
; Main task         ; Compilation         ;
; Revision Name     ; BB_SYSTEM           ;
+-------------------+---------------------+


+------------------------------------------------------------------------------------------------------------------------------+
; Flow Non-Default Global Settings                                                                                             ;
+--------------------------------------+----------------------------------------+---------------+-------------+----------------+
; Assignment Name                      ; Value                                  ; Default Value ; Entity Name ; Section Id     ;
+--------------------------------------+----------------------------------------+---------------+-------------+----------------+
; COMPILER_SIGNATURE_ID                ; 143733864879537.153809727008248        ; --            ; --          ; --             ;
; EDA_DESIGN_INSTANCE_NAME             ; NA                                     ; --            ; --          ; TB_SYSTEM      ;
; EDA_NATIVELINK_SIMULATION_TEST_BENCH ; TB_SYSTEM                              ; --            ; --          ; eda_simulation ;
; EDA_NETLIST_WRITER_OUTPUT_DIR        ; simulation/modelsim                    ; --            ; --          ; eda_simulation ;
; EDA_OUTPUT_DATA_FORMAT               ; Verilog Hdl                            ; --            ; --          ; eda_simulation ;
; EDA_SIMULATION_TOOL                  ; ModelSim-Altera (Verilog)              ; <None>        ; --          ; --             ;
; EDA_TEST_BENCH_ENABLE_STATUS         ; TEST_BENCH_MODE                        ; --            ; --          ; eda_simulation ;
; EDA_TEST_BENCH_FILE                  ; simulation/modelsim/TB_SYSTEM.vt       ; --            ; --          ; TB_SYSTEM      ;
; EDA_TEST_BENCH_MODULE_NAME           ; TB_SYSTEM                              ; --            ; --          ; TB_SYSTEM      ;
; EDA_TEST_BENCH_NAME                  ; TB_SYSTEM                              ; --            ; --          ; eda_simulation ;
; EDA_TIME_SCALE                       ; 1 ps                                   ; --            ; --          ; eda_simulation ;
; MAX_CORE_JUNCTION_TEMP               ; 85                                     ; --            ; --          ; --             ;
; MIN_CORE_JUNCTION_TEMP               ; 0                                      ; --            ; --          ; --             ;
; NUM_PARALLEL_PROCESSORS              ; 4                                      ; --            ; --          ; --             ;
; PARTITION_COLOR                      ; -- (Not supported for targeted family) ; --            ; --          ; Top            ;
; PARTITION_FITTER_PRESERVATION_LEVEL  ; -- (Not supported for targeted family) ; --            ; --          ; Top            ;
; PARTITION_NETLIST_TYPE               ; -- (Not supported for targeted family) ; --            ; --          ; Top            ;
; POWER_BOARD_THERMAL_MODEL            ; None (CONSERVATIVE)                    ; --            ; --          ; --             ;
; POWER_PRESET_COOLING_SOLUTION        ; 23 MM HEAT SINK WITH 200 LFPM AIRFLOW  ; --            ; --          ; --             ;
+--------------------------------------+----------------------------------------+---------------+-------------+----------------+


+--------------------------------------------------------------------------------------------------------------------------+
; Flow Elapsed Time                                                                                                        ;
+----------------------+--------------+-------------------------+---------------------+------------------------------------+
; Module Name          ; Elapsed Time ; Average Processors Used ; Peak Virtual Memory ; Total CPU Time (on all processors) ;
+----------------------+--------------+-------------------------+---------------------+------------------------------------+
; Analysis & Synthesis ; 00:00:15     ; 1.0                     ; 579 MB              ; 00:00:31                           ;
; Fitter               ; 00:00:13     ; 1.0                     ; 1311 MB             ; 00:00:06                           ;
; Assembler            ; 00:00:03     ; 1.0                     ; 537 MB              ; 00:00:01                           ;
; Timing Analyzer      ; 00:00:03     ; 1.0                     ; 632 MB              ; 00:00:02                           ;
; EDA Netlist Writer   ; 00:00:01     ; 1.0                     ; 499 MB              ; 00:00:01                           ;
; Total                ; 00:00:35     ; --                      ; --                  ; 00:00:41                           ;
+----------------------+--------------+-------------------------+---------------------+------------------------------------+


+-----------------------------------------------------------------------------------+
; Flow OS Summary                                                                   ;
+----------------------+------------------+-----------+------------+----------------+
; Module Name          ; Machine Hostname ; OS Name   ; OS Version ; Processor type ;
+----------------------+------------------+-----------+------------+----------------+
; Analysis & Synthesis ; German-PC        ; Windows 7 ; 6.1        ; x86_64         ;
; Fitter               ; German-PC        ; Windows 7 ; 6.1        ; x86_64         ;
; Assembler            ; German-PC        ; Windows 7 ; 6.1        ; x86_64         ;
; Timing Analyzer      ; German-PC        ; Windows 7 ; 6.1        ; x86_64         ;
; EDA Netlist Writer   ; German-PC        ; Windows 7 ; 6.1        ; x86_64         ;
+----------------------+------------------+-----------+------------+----------------+


------------
; Flow Log ;
------------
quartus_map --read_settings_files=on --write_settings_files=off BB_SYSTEM -c BB_SYSTEM
quartus_fit --read_settings_files=off --write_settings_files=off BB_SYSTEM -c BB_SYSTEM
quartus_asm --read_settings_files=off --write_settings_files=off BB_SYSTEM -c BB_SYSTEM
quartus_sta BB_SYSTEM -c BB_SYSTEM
quartus_eda --read_settings_files=off --write_settings_files=off BB_SYSTEM -c BB_SYSTEM



